Removed Pin From Net: NetName=+5 Pin=C4-2
Removed Pin From Net: NetName=+5 Pin=C23-2
Removed Pin From Net: NetName=+5 Pin=C26-2
Removed Pin From Net: NetName=AGND Pin=C33-2
Removed Pin From Net: NetName=AGND Pin=C34-2
Removed Pin From Net: NetName=AGND Pin=C43-2
Removed Pin From Net: NetName=AGND Pin=C44-2
Removed Pin From Net: NetName=AGND Pin=D2-1
Removed Pin From Net: NetName=NetD2_3 Pin=D2-3
Removed Pin From Net: NetName=AGND Pin=D3-1
Removed Pin From Net: NetName=NetD3_3 Pin=D3-3
Removed Pin From Net: NetName=AGND Pin=D4-1
Removed Pin From Net: NetName=NetD4_3 Pin=D4-3
Removed Pin From Net: NetName=AGND Pin=D5-1
Removed Pin From Net: NetName=NetD5_3 Pin=D5-3
Removed Pin From Net: NetName=+5 Pin=IC1-8
Removed Pin From Net: NetName=+5 Pin=IC3-8
Removed Pin From Net: NetName=+5 Pin=IC4-8
Change Component Footprint: Designator=C15 Old Footprint=C 0603_M New Footprint=C 0603_L
Added Pin To Net: NetName=AVCC3v3 Pin=C4-2
Added Pin To Net: NetName=AVCC3v3 Pin=C23-2
Added Pin To Net: NetName=AVCC3v3 Pin=C26-2
Added Pin To Net: NetName=AVCC3v3 Pin=IC1-8
Added Pin To Net: NetName=AVCC3v3 Pin=IC3-8
Added Pin To Net: NetName=AVCC3v3 Pin=IC4-8
Change Net Name : Old Net Name=NetD2_3 New Net Name=NetIC3_1
Change Net Name : Old Net Name=NetD3_3 New Net Name=NetIC4_1
Change Net Name : Old Net Name=NetD4_3 New Net Name=NetIC3_6
Change Net Name : Old Net Name=NetD5_3 New Net Name=NetIC4_6
